# JRE version: Java(TM) SE Runtime Environment (8.0_371) (build 1.8.0_371-b11)
# Java VM: Java HotSpot(TM) 64-Bit Server VM (25.371-b11 mixed mode bsd-amd64 compressed oops)
Heap:
 PSYoungGen      total 305664K, used 211818K [0x00000007aab00000, 0x00000007c0000000, 0x00000007c0000000)
  eden space 262144K, 71% used [0x00000007aab00000,0x00000007b62e70e8,0x00000007bab00000)
  from space 43520K, 54% used [0x00000007bd580000,0x00000007bec73888,0x00000007c0000000)
  to   space 43520K, 0% used [0x00000007bab00000,0x00000007bab00000,0x00000007bd580000)
 ParOldGen       total 699392K, used 9041K [0x0000000780000000, 0x00000007aab00000, 0x00000007aab00000)
  object space 699392K, 1% used [0x0000000780000000,0x00000007808d47f0,0x00000007aab00000)
 Metaspace       used 30348K, capacity 30563K, committed 30720K, reserved 1075200K
  class space    used 3960K, capacity 4033K, committed 4096K, reserved 1048576K
GC Heap History (6 events):
Event: 2.688 GC heap before
{Heap before GC invocations=1 (full 0):
 PSYoungGen      total 305664K, used 194702K [0x00000007aab00000, 0x00000007c0000000, 0x00000007c0000000)
  eden space 262144K, 74% used [0x00000007aab00000,0x00000007b6923950,0x00000007bab00000)
  from space 43520K, 0% used [0x00000007bd580000,0x00000007bd580000,0x00000007c0000000)
  to   space 43520K, 0% used [0x00000007bab00000,0x00000007bab00000,0x00000007bd580000)
 ParOldGen       total 699392K, used 0K [0x0000000780000000, 0x00000007aab00000, 0x00000007aab00000)
  object space 699392K, 0% used [0x0000000780000000,0x0000000780000000,0x00000007aab00000)
 Metaspace       used 21120K, capacity 21188K, committed 21248K, reserved 1067008K
  class space    used 2739K, capacity 2772K, committed 2816K, reserved 1048576K
Event: 2.702 GC heap after
Heap after GC invocations=1 (full 0):
 PSYoungGen      total 305664K, used 9239K [0x00000007aab00000, 0x00000007c0000000, 0x00000007c0000000)
  eden space 262144K, 0% used [0x00000007aab00000,0x00000007aab00000,0x00000007bab00000)
  from space 43520K, 21% used [0x00000007bab00000,0x00000007bb405ce0,0x00000007bd580000)
  to   space 43520K, 0% used [0x00000007bd580000,0x00000007bd580000,0x00000007c0000000)
 ParOldGen       total 699392K, used 80K [0x0000000780000000, 0x00000007aab00000, 0x00000007aab00000)
  object space 699392K, 0% used [0x0000000780000000,0x0000000780014010,0x00000007aab00000)
 Metaspace       used 21120K, capacity 21188K, committed 21248K, reserved 1067008K
  class space    used 2739K, capacity 2772K, committed 2816K, reserved 1048576K
}
Event: 2.702 GC heap before
{Heap before GC invocations=2 (full 1):
 PSYoungGen      total 305664K, used 9239K [0x00000007aab00000, 0x00000007c0000000, 0x00000007c0000000)
  eden space 262144K, 0% used [0x00000007aab00000,0x00000007aab00000,0x00000007bab00000)
  from space 43520K, 21% used [0x00000007bab00000,0x00000007bb405ce0,0x00000007bd580000)
  to   space 43520K, 0% used [0x00000007bd580000,0x00000007bd580000,0x00000007c0000000)
 ParOldGen       total 699392K, used 80K [0x0000000780000000, 0x00000007aab00000, 0x00000007aab00000)
  object space 699392K, 0% used [0x0000000780000000,0x0000000780014010,0x00000007aab00000)
 Metaspace       used 21120K, capacity 21188K, committed 21248K, reserved 1067008K
  class space    used 2739K, capacity 2772K, committed 2816K, reserved 1048576K
Event: 2.740 GC heap after
Heap after GC invocations=2 (full 1):
 PSYoungGen      total 305664K, used 0K [0x00000007aab00000, 0x00000007c0000000, 0x00000007c0000000)
  eden space 262144K, 0% used [0x00000007aab00000,0x00000007aab00000,0x00000007bab00000)
  from space 43520K, 0% used [0x00000007bab00000,0x00000007bab00000,0x00000007bd580000)
  to   space 43520K, 0% used [0x00000007bd580000,0x00000007bd580000,0x00000007c0000000)
 ParOldGen       total 699392K, used 9033K [0x0000000780000000, 0x00000007aab00000, 0x00000007aab00000)
  object space 699392K, 1% used [0x0000000780000000,0x00000007808d27f0,0x00000007aab00000)
 Metaspace       used 21120K, capacity 21188K, committed 21248K, reserved 1067008K
  class space    used 2739K, capacity 2772K, committed 2816K, reserved 1048576K
}
Event: 6.215 GC heap before
{Heap before GC invocations=3 (full 1):
 PSYoungGen      total 305664K, used 262144K [0x00000007aab00000, 0x00000007c0000000, 0x00000007c0000000)
  eden space 262144K, 100% used [0x00000007aab00000,0x00000007bab00000,0x00000007bab00000)
  from space 43520K, 0% used [0x00000007bab00000,0x00000007bab00000,0x00000007bd580000)
  to   space 43520K, 0% used [0x00000007bd580000,0x00000007bd580000,0x00000007c0000000)
 ParOldGen       total 699392K, used 9033K [0x0000000780000000, 0x00000007aab00000, 0x00000007aab00000)
  object space 699392K, 1% used [0x0000000780000000,0x00000007808d27f0,0x00000007aab00000)
 Metaspace       used 28545K, capacity 28716K, committed 29056K, reserved 1075200K
  class space    used 3824K, capacity 3872K, committed 3968K, reserved 1048576K
Event: 6.251 GC heap after
Heap after GC invocations=3 (full 1):
 PSYoungGen      total 305664K, used 23502K [0x00000007aab00000, 0x00000007c0000000, 0x00000007c0000000)
  eden space 262144K, 0% used [0x00000007aab00000,0x00000007aab00000,0x00000007bab00000)
  from space 43520K, 54% used [0x00000007bd580000,0x00000007bec73888,0x00000007c0000000)
  to   space 43520K, 0% used [0x00000007bab00000,0x00000007bab00000,0x00000007bd580000)
 ParOldGen       total 699392K, used 9041K [0x0000000780000000, 0x00000007aab00000, 0x00000007aab00000)
  object space 699392K, 1% used [0x0000000780000000,0x00000007808d47f0,0x00000007aab00000)
 Metaspace       used 28545K, capacity 28716K, committed 29056K, reserved 1075200K
  class space    used 3824K, capacity 3872K, committed 3968K, reserved 1048576K
}

